<?xml version="1.0" encoding="UTF-8"?>
<testng-results skipped="0" failed="0" ignored="0" total="1" passed="1">
  <reporter-output>
    <line>
      <![CDATA[Setting up Reports and Test is getting ready]]>
    </line>
    <line>
      <![CDATA[Setting done - Test can be Started]]>
    </line>
    <line>
      <![CDATA[Trying to start browser and getting application ready]]>
    </line>
    <line>
      <![CDATA[Browser and Application is up and Running]]>
    </line>
    <line>
      <![CDATA[Test is about to end]]>
    </line>
  </reporter-output>
  <suite name="Suite" duration-ms="117368" started-at="2020-04-11T13:36:49Z" finished-at="2020-04-11T13:38:46Z">
    <groups>
    </groups>
    <test name="Test" duration-ms="117368" started-at="2020-04-11T13:36:49Z" finished-at="2020-04-11T13:38:46Z">
      <class name="com.pymidol.testcases.LoginTestPymidol">
        <test-method status="PASS" signature="setUpSuite()[pri:0, instance:com.pymidol.testcases.LoginTestPymidol@12843fce]" name="setUpSuite" is-config="true" duration-ms="672" started-at="2020-04-11T13:36:48Z" finished-at="2020-04-11T13:36:49Z">
          <reporter-output>
            <line>
              <![CDATA[Setting up Reports and Test is getting ready]]>
            </line>
            <line>
              <![CDATA[Setting done - Test can be Started]]>
            </line>
          </reporter-output>
        </test-method> <!-- setUpSuite -->
        <test-method status="PASS" signature="setup()[pri:0, instance:com.pymidol.testcases.LoginTestPymidol@12843fce]" name="setup" is-config="true" duration-ms="11816" started-at="2020-04-11T13:36:49Z" finished-at="2020-04-11T13:37:01Z">
          <reporter-output>
            <line>
              <![CDATA[Trying to start browser and getting application ready]]>
            </line>
            <line>
              <![CDATA[Browser and Application is up and Running]]>
            </line>
          </reporter-output>
        </test-method> <!-- setup -->
        <test-method status="PASS" signature="loginApp()[pri:1, instance:com.pymidol.testcases.LoginTestPymidol@12843fce]" name="loginApp" duration-ms="105404" started-at="2020-04-11T13:37:01Z" finished-at="2020-04-11T13:38:46Z">
          <reporter-output>
          </reporter-output>
        </test-method> <!-- loginApp -->
        <test-method status="FAIL" signature="tearDownMethod(org.testng.ITestResult)[pri:0, instance:com.pymidol.testcases.LoginTestPymidol@12843fce]" name="tearDownMethod" is-config="true" duration-ms="127" started-at="2020-04-11T13:38:46Z" finished-at="2020-04-11T13:38:46Z">
          <params>
            <param index="0">
              <value>
                <![CDATA[[TestResult name=loginApp status=SUCCESS method=LoginTestPymidol.loginApp()[pri:1, instance:com.pymidol.testcases.LoginTestPymidol@12843fce] output={null}]]]>
              </value>
            </param>
          </params>
          <exception class="org.openqa.selenium.UnhandledAlertException">
            <message>
              <![CDATA[Modal dialog present with text: An error was thrown and caught.
Error: 'XPathResult' is undefined
Line: 1
URL: https://www.pymidol.com/pymidol_war/ymc_common/2.1.4a/js/dhtmlx/dhtmlxGrid/codebase/dhtmlxcommon_ymc.js
: An error was thrown and caught.
Error: 'XPathResult' is undefined
Line: 1
URL: https://www.pymidol.com/pymidol_war/ymc_common/2.1.4a/js/dhtmlx/dhtmlxGrid/codebase/dhtmlxcommon_ymc.js

Build info: version: '3.141.0', revision: '2ecb7d9a', time: '2018-10-31T20:09:30'
System info: host: 'FA006738', ip: '10.167.62.51', os.name: 'Windows 10', os.arch: 'amd64', os.version: '10.0', java.version: '1.8.0_65'
Driver info: org.openqa.selenium.ie.InternetExplorerDriver
Capabilities {acceptInsecureCerts: false, browserName: internet explorer, browserVersion: 11, javascriptEnabled: true, pageLoadStrategy: normal, platform: WINDOWS, platformName: WINDOWS, proxy: Proxy(), se:ieOptions: {browserAttachTimeout: 0, elementScrollBehavior: 0, enablePersistentHover: true, ie.browserCommandLineSwitches: , ie.ensureCleanSession: false, ie.fileUploadDialogTimeout: 3000, ie.forceCreateProcessApi: false, ignoreProtectedModeSettings: false, ignoreZoomSetting: false, initialBrowserUrl: http://localhost:21104/, nativeEvents: true, requireWindowFocus: false}, setWindowRect: true, timeouts: {implicit: 0, pageLoad: 300000, script: 30000}}
Session ID: a478fd38-4dc6-4f2b-9fb7-4bddfb948dd6]]>
            </message>
            <full-stacktrace>
              <![CDATA[org.openqa.selenium.UnhandledAlertException: Modal dialog present with text: An error was thrown and caught.
Error: 'XPathResult' is undefined
Line: 1
URL: https://www.pymidol.com/pymidol_war/ymc_common/2.1.4a/js/dhtmlx/dhtmlxGrid/codebase/dhtmlxcommon_ymc.js
: An error was thrown and caught.
Error: 'XPathResult' is undefined
Line: 1
URL: https://www.pymidol.com/pymidol_war/ymc_common/2.1.4a/js/dhtmlx/dhtmlxGrid/codebase/dhtmlxcommon_ymc.js

Build info: version: '3.141.0', revision: '2ecb7d9a', time: '2018-10-31T20:09:30'
System info: host: 'FA006738', ip: '10.167.62.51', os.name: 'Windows 10', os.arch: 'amd64', os.version: '10.0', java.version: '1.8.0_65'
Driver info: org.openqa.selenium.ie.InternetExplorerDriver
Capabilities {acceptInsecureCerts: false, browserName: internet explorer, browserVersion: 11, javascriptEnabled: true, pageLoadStrategy: normal, platform: WINDOWS, platformName: WINDOWS, proxy: Proxy(), se:ieOptions: {browserAttachTimeout: 0, elementScrollBehavior: 0, enablePersistentHover: true, ie.browserCommandLineSwitches: , ie.ensureCleanSession: false, ie.fileUploadDialogTimeout: 3000, ie.forceCreateProcessApi: false, ignoreProtectedModeSettings: false, ignoreZoomSetting: false, initialBrowserUrl: http://localhost:21104/, nativeEvents: true, requireWindowFocus: false}, setWindowRect: true, timeouts: {implicit: 0, pageLoad: 300000, script: 30000}}
Session ID: a478fd38-4dc6-4f2b-9fb7-4bddfb948dd6
at org.openqa.selenium.remote.http.W3CHttpResponseCodec.decode(W3CHttpResponseCodec.java:120)
at org.openqa.selenium.remote.http.W3CHttpResponseCodec.decode(W3CHttpResponseCodec.java:49)
at org.openqa.selenium.remote.HttpCommandExecutor.execute(HttpCommandExecutor.java:158)
at org.openqa.selenium.remote.service.DriverCommandExecutor.execute(DriverCommandExecutor.java:83)
at org.openqa.selenium.remote.RemoteWebDriver.execute(RemoteWebDriver.java:552)
at org.openqa.selenium.remote.RemoteWebDriver.execute(RemoteWebDriver.java:609)
at org.openqa.selenium.remote.RemoteWebDriver.getScreenshotAs(RemoteWebDriver.java:295)
at com.pymidol.utility.Helper.captureScreenshot(Helper.java:20)
at com.pymidol.pages.BaseClass.tearDownMethod(BaseClass.java:86)
at sun.reflect.NativeMethodAccessorImpl.invoke0(Native Method)
at sun.reflect.NativeMethodAccessorImpl.invoke(NativeMethodAccessorImpl.java:62)
at sun.reflect.DelegatingMethodAccessorImpl.invoke(DelegatingMethodAccessorImpl.java:43)
at java.lang.reflect.Method.invoke(Method.java:497)
at org.testng.internal.MethodInvocationHelper.invokeMethod(MethodInvocationHelper.java:124)
at org.testng.internal.MethodInvocationHelper.invokeMethodConsideringTimeout(MethodInvocationHelper.java:59)
at org.testng.internal.Invoker.invokeConfigurationMethod(Invoker.java:458)
at org.testng.internal.Invoker.invokeConfigurations(Invoker.java:222)
at org.testng.internal.Invoker.invokeMethod(Invoker.java:646)
at org.testng.internal.Invoker.invokeTestMethod(Invoker.java:719)
at org.testng.internal.Invoker.invokeTestMethods(Invoker.java:989)
at org.testng.internal.TestMethodWorker.invokeTestMethods(TestMethodWorker.java:125)
at org.testng.internal.TestMethodWorker.run(TestMethodWorker.java:109)
at org.testng.TestRunner.privateRun(TestRunner.java:648)
at org.testng.TestRunner.run(TestRunner.java:505)
at org.testng.SuiteRunner.runTest(SuiteRunner.java:455)
at org.testng.SuiteRunner.runSequentially(SuiteRunner.java:450)
at org.testng.SuiteRunner.privateRun(SuiteRunner.java:415)
at org.testng.SuiteRunner.run(SuiteRunner.java:364)
at org.testng.SuiteRunnerWorker.runSuite(SuiteRunnerWorker.java:52)
at org.testng.SuiteRunnerWorker.run(SuiteRunnerWorker.java:84)
at org.testng.TestNG.runSuitesSequentially(TestNG.java:1208)
at org.testng.TestNG.runSuitesLocally(TestNG.java:1137)
at org.testng.TestNG.runSuites(TestNG.java:1049)
at org.testng.TestNG.run(TestNG.java:1017)
at org.apache.maven.surefire.testng.TestNGExecutor.run(TestNGExecutor.java:283)
at org.apache.maven.surefire.testng.TestNGXmlTestSuite.execute(TestNGXmlTestSuite.java:75)
at org.apache.maven.surefire.testng.TestNGProvider.invoke(TestNGProvider.java:120)
at org.apache.maven.surefire.booter.ForkedBooter.runSuitesInProcess(ForkedBooter.java:377)
at org.apache.maven.surefire.booter.ForkedBooter.execute(ForkedBooter.java:138)
at org.apache.maven.surefire.booter.ForkedBooter.run(ForkedBooter.java:465)
at org.apache.maven.surefire.booter.ForkedBooter.main(ForkedBooter.java:451)
]]>
            </full-stacktrace>
          </exception> <!-- org.openqa.selenium.UnhandledAlertException -->
          <reporter-output>
            <line>
              <![CDATA[Test is about to end]]>
            </line>
          </reporter-output>
        </test-method> <!-- tearDownMethod -->
        <test-method status="SKIP" signature="tearDown()[pri:0, instance:com.pymidol.testcases.LoginTestPymidol@12843fce]" name="tearDown" is-config="true" duration-ms="0" started-at="2020-04-11T13:38:46Z" finished-at="2020-04-11T13:38:46Z">
          <reporter-output>
          </reporter-output>
        </test-method> <!-- tearDown -->
      </class> <!-- com.pymidol.testcases.LoginTestPymidol -->
    </test> <!-- Test -->
  </suite> <!-- Suite -->
</testng-results>
