<?xml version="1.0" encoding="UTF-8"?>
<testsuite xmlns:xsi="http://www.w3.org/2001/XMLSchema-instance" xsi:noNamespaceSchemaLocation="https://maven.apache.org/surefire/maven-surefire-plugin/xsd/surefire-test-report-3.0.xsd" version="3.0" name="TestSuite" time="119.582" tests="3" errors="0" skipped="1" failures="1">
  <properties>
[...]
</properties>
  <testcase name="loginApp" classname="com.pymidol.testcases.LoginTestPymidol" time="105.405"/>
  <testcase name="tearDownMethod" classname="com.pymidol.testcases.LoginTestPymidol" time="105.541">
    <failure message="Modal dialog present with text: An error was thrown and caught.&#10;Error: &apos;XPathResult&apos; is undefined&#10;Line: 1&#10;URL: https://www.pymidol.com/pymidol_war/ymc_common/2.1.4a/js/dhtmlx/dhtmlxGrid/codebase/dhtmlxcommon_ymc.js&#10;: An error was thrown and caught.&#10;Error: &apos;XPathResult&apos; is undefined&#10;Line: 1&#10;URL: https://www.pymidol.com/pymidol_war/ymc_common/2.1.4a/js/dhtmlx/dhtmlxGrid/codebase/dhtmlxcommon_ymc.js&#10;&#10;Build info: version: &apos;3.141.0&apos;, revision: &apos;2ecb7d9a&apos;, time: &apos;2018-10-31T20:09:30&apos;&#10;System info: host: &apos;FA006738&apos;, ip: &apos;10.167.62.51&apos;, os.name: &apos;Windows 10&apos;, os.arch: &apos;amd64&apos;, os.version: &apos;10.0&apos;, java.version: &apos;1.8.0_65&apos;&#10;Driver info: org.openqa.selenium.ie.InternetExplorerDriver&#10;Capabilities {acceptInsecureCerts: false, browserName: internet explorer, browserVersion: 11, javascriptEnabled: true, pageLoadStrategy: normal, platform: WINDOWS, platformName: WINDOWS, proxy: Proxy(), se:ieOptions: {browserAttachTimeout: 0, elementScrollBehavior: 0, enablePersistentHover: true, ie.browserCommandLineSwitches: , ie.ensureCleanSession: false, ie.fileUploadDialogTimeout: 3000, ie.forceCreateProcessApi: false, ignoreProtectedModeSettings: false, ignoreZoomSetting: false, initialBrowserUrl: http://localhost:21104/, nativeEvents: true, requireWindowFocus: false}, setWindowRect: true, timeouts: {implicit: 0, pageLoad: 300000, script: 30000}}&#10;Session ID: a478fd38-4dc6-4f2b-9fb7-4bddfb948dd6" type="org.openqa.selenium.UnhandledAlertException"><![CDATA[org.openqa.selenium.UnhandledAlertException: 
Modal dialog present with text: An error was thrown and caught.
Error: 'XPathResult' is undefined
Line: 1
URL: https://www.pymidol.com/pymidol_war/ymc_common/2.1.4a/js/dhtmlx/dhtmlxGrid/codebase/dhtmlxcommon_ymc.js
: An error was thrown and caught.
Error: 'XPathResult' is undefined
Line: 1
URL: https://www.pymidol.com/pymidol_war/ymc_common/2.1.4a/js/dhtmlx/dhtmlxGrid/codebase/dhtmlxcommon_ymc.js

Build info: version: '3.141.0', revision: '2ecb7d9a', time: '2018-10-31T20:09:30'
System info: host: 'FA006738', ip: '10.167.62.51', os.name: 'Windows 10', os.arch: 'amd64', os.version: '10.0', java.version: '1.8.0_65'
Driver info: org.openqa.selenium.ie.InternetExplorerDriver
Capabilities {acceptInsecureCerts: false, browserName: internet explorer, browserVersion: 11, javascriptEnabled: true, pageLoadStrategy: normal, platform: WINDOWS, platformName: WINDOWS, proxy: Proxy(), se:ieOptions: {browserAttachTimeout: 0, elementScrollBehavior: 0, enablePersistentHover: true, ie.browserCommandLineSwitches: , ie.ensureCleanSession: false, ie.fileUploadDialogTimeout: 3000, ie.forceCreateProcessApi: false, ignoreProtectedModeSettings: false, ignoreZoomSetting: false, initialBrowserUrl: http://localhost:21104/, nativeEvents: true, requireWindowFocus: false}, setWindowRect: true, timeouts: {implicit: 0, pageLoad: 300000, script: 30000}}
Session ID: a478fd38-4dc6-4f2b-9fb7-4bddfb948dd6
]]></failure>
    <system-out><![CDATA[Test is about to end
]]></system-out>
  </testcase>
  <testcase name="tearDown" classname="com.pymidol.testcases.LoginTestPymidol" time="0">
    <skipped/>
  </testcase>
</testsuite>